0 info it worked if it ends with ok
1 verbose cli [ '/usr/local/bin/node', '/usr/local/bin/npm', 'run', 'tsc:w' ]
2 info using npm@4.1.2
3 info using node@v7.7.4
4 verbose run-script [ 'pretsc:w', 'tsc:w', 'posttsc:w' ]
5 info lifecycle Composer@0.0.1~pretsc:w: Composer@0.0.1
6 silly lifecycle Composer@0.0.1~pretsc:w: no script for pretsc:w, continuing
7 info lifecycle Composer@0.0.1~tsc:w: Composer@0.0.1
8 verbose lifecycle Composer@0.0.1~tsc:w: unsafe-perm in lifecycle true
9 verbose lifecycle Composer@0.0.1~tsc:w: PATH: /usr/local/lib/node_modules/npm/bin/node-gyp-bin:/Users/guy/git/projects/composer-angular2/node_modules/.bin:/usr/local/lib/node_modules/npm/bin/node-gyp-bin:/Users/guy/git/projects/composer-angular2/node_modules/.bin:/Users/guy/.gem/ruby/2.4.0/bin:/Users/guy/.rubies/ruby-2.4.0/lib/ruby/gems/2.4.0/bin:/Users/guy/.rubies/ruby-2.4.0/bin:/bin:/sbin:/usr/bin:/usr/local/sbin:/usr/local/bin:/usr/local/bin:/usr/bin:/bin:/usr/sbin:/sbin:/usr/local/go/bin:/usr/local/mongodb/bin:/Applications/Postgres.app/Contents/Versions/latest/bin
10 verbose lifecycle Composer@0.0.1~tsc:w: CWD: /Users/guy/git/projects/composer-angular2
11 silly lifecycle Composer@0.0.1~tsc:w: Args: [ '-c', 'tsc -w' ]
12 silly lifecycle Composer@0.0.1~tsc:w: Returned: code: 1  signal: null
13 info lifecycle Composer@0.0.1~tsc:w: Failed to exec tsc:w script
14 verbose stack Error: Composer@0.0.1 tsc:w: `tsc -w`
14 verbose stack Exit status 1
14 verbose stack     at EventEmitter.<anonymous> (/usr/local/lib/node_modules/npm/lib/utils/lifecycle.js:279:16)
14 verbose stack     at emitTwo (events.js:106:13)
14 verbose stack     at EventEmitter.emit (events.js:194:7)
14 verbose stack     at ChildProcess.<anonymous> (/usr/local/lib/node_modules/npm/lib/utils/spawn.js:40:14)
14 verbose stack     at emitTwo (events.js:106:13)
14 verbose stack     at ChildProcess.emit (events.js:194:7)
14 verbose stack     at maybeClose (internal/child_process.js:899:16)
14 verbose stack     at Process.ChildProcess._handle.onexit (internal/child_process.js:226:5)
15 verbose pkgid Composer@0.0.1
16 verbose cwd /Users/guy/git/projects/composer-angular2
17 error Darwin 16.4.0
18 error argv "/usr/local/bin/node" "/usr/local/bin/npm" "run" "tsc:w"
19 error node v7.7.4
20 error npm  v4.1.2
21 error code ELIFECYCLE
22 error Composer@0.0.1 tsc:w: `tsc -w`
22 error Exit status 1
23 error Failed at the Composer@0.0.1 tsc:w script 'tsc -w'.
23 error Make sure you have the latest version of node.js and npm installed.
23 error If you do, this is most likely a problem with the Composer package,
23 error not with npm itself.
23 error Tell the author that this fails on your system:
23 error     tsc -w
23 error You can get information on how to open an issue for this project with:
23 error     npm bugs Composer
23 error Or if that isn't available, you can get their info via:
23 error     npm owner ls Composer
23 error There is likely additional logging output above.
24 verbose exit [ 1, true ]
